<?xml version="1.0" encoding="UTF-8"?>
<coverage generated="1758033955579" clover="3.2.0">
  <project timestamp="1758033955579" name="All files">
    <metrics statements="158" coveredstatements="148" conditionals="46" coveredconditionals="41" methods="42" coveredmethods="39" elements="246" coveredelements="228" complexity="0" loc="158" ncloc="158" packages="6" files="6" classes="6"/>
    <package name="src">
      <metrics statements="20" coveredstatements="18" conditionals="0" coveredconditionals="0" methods="4" coveredmethods="3"/>
      <file name="app.ts" path="/workspace/wlgns5376_msa-ecommerce-product_PVTI_lAHOAJ39a84A91F1zgezCJA/src/app.ts">
        <metrics statements="20" coveredstatements="18" conditionals="0" coveredconditionals="0" methods="4" coveredmethods="3"/>
        <line num="1" count="1" type="stmt"/>
        <line num="2" count="1" type="stmt"/>
        <line num="3" count="1" type="stmt"/>
        <line num="4" count="1" type="stmt"/>
        <line num="6" count="1" type="stmt"/>
        <line num="7" count="11" type="stmt"/>
        <line num="9" count="11" type="stmt"/>
        <line num="10" count="11" type="stmt"/>
        <line num="12" count="11" type="stmt"/>
        <line num="13" count="11" type="stmt"/>
        <line num="14" count="11" type="stmt"/>
        <line num="16" count="11" type="stmt"/>
        <line num="17" count="1" type="stmt"/>
        <line num="20" count="11" type="stmt"/>
        <line num="22" count="11" type="stmt"/>
        <line num="23" count="1" type="stmt"/>
        <line num="32" count="11" type="stmt"/>
        <line num="33" count="0" type="stmt"/>
        <line num="34" count="0" type="stmt"/>
        <line num="42" count="11" type="stmt"/>
      </file>
    </package>
    <package name="src.application.services">
      <metrics statements="17" coveredstatements="16" conditionals="4" coveredconditionals="4" methods="2" coveredmethods="2"/>
      <file name="InventorySKUService.ts" path="/workspace/wlgns5376_msa-ecommerce-product_PVTI_lAHOAJ39a84A91F1zgezCJA/src/application/services/InventorySKUService.ts">
        <metrics statements="17" coveredstatements="16" conditionals="4" coveredconditionals="4" methods="2" coveredmethods="2"/>
        <line num="2" count="3" type="stmt"/>
        <line num="5" count="3" type="stmt"/>
        <line num="6" count="21" type="stmt"/>
        <line num="9" count="26" type="stmt"/>
        <line num="14" count="26" type="cond" truecount="1" falsecount="0"/>
        <line num="15" count="3" type="stmt"/>
        <line num="16" count="3" type="stmt"/>
        <line num="17" count="3" type="stmt"/>
        <line num="20" count="23" type="stmt"/>
        <line num="21" count="23" type="stmt"/>
        <line num="31" count="11" type="stmt"/>
        <line num="32" count="10" type="stmt"/>
        <line num="34" count="13" type="cond" truecount="1" falsecount="0"/>
        <line num="35" count="13" type="stmt"/>
        <line num="36" count="13" type="stmt"/>
        <line num="37" count="13" type="stmt"/>
        <line num="39" count="0" type="stmt"/>
      </file>
    </package>
    <package name="src.domain.inventory">
      <metrics statements="63" coveredstatements="58" conditionals="26" coveredconditionals="23" methods="20" coveredmethods="18"/>
      <file name="InventorySKU.ts" path="/workspace/wlgns5376_msa-ecommerce-product_PVTI_lAHOAJ39a84A91F1zgezCJA/src/domain/inventory/InventorySKU.ts">
        <metrics statements="63" coveredstatements="58" conditionals="26" coveredconditionals="23" methods="20" coveredmethods="18"/>
        <line num="1" count="5" type="stmt"/>
        <line num="16" count="5" type="stmt"/>
        <line num="29" count="62" type="stmt"/>
        <line num="31" count="43" type="cond" truecount="2" falsecount="0"/>
        <line num="32" count="43" type="stmt"/>
        <line num="33" count="43" type="stmt"/>
        <line num="34" count="43" type="stmt"/>
        <line num="35" count="43" type="stmt"/>
        <line num="36" count="43" type="stmt"/>
        <line num="37" count="43" type="stmt"/>
        <line num="38" count="43" type="stmt"/>
        <line num="39" count="43" type="cond" truecount="2" falsecount="0"/>
        <line num="40" count="43" type="cond" truecount="2" falsecount="0"/>
        <line num="44" count="62" type="cond" truecount="3" falsecount="0"/>
        <line num="45" count="3" type="stmt"/>
        <line num="48" count="59" type="cond" truecount="3" falsecount="0"/>
        <line num="49" count="3" type="stmt"/>
        <line num="52" count="56" type="cond" truecount="3" falsecount="0"/>
        <line num="53" count="3" type="stmt"/>
        <line num="56" count="53" type="cond" truecount="1" falsecount="0"/>
        <line num="57" count="3" type="stmt"/>
        <line num="60" count="50" type="cond" truecount="1" falsecount="0"/>
        <line num="61" count="1" type="stmt"/>
        <line num="64" count="49" type="cond" truecount="1" falsecount="0"/>
        <line num="65" count="3" type="stmt"/>
        <line num="68" count="46" type="cond" truecount="1" falsecount="0"/>
        <line num="69" count="3" type="stmt"/>
        <line num="74" count="26" type="stmt"/>
        <line num="78" count="14" type="stmt"/>
        <line num="82" count="5" type="stmt"/>
        <line num="86" count="12" type="stmt"/>
        <line num="90" count="4" type="stmt"/>
        <line num="94" count="3" type="stmt"/>
        <line num="98" count="21" type="stmt"/>
        <line num="102" count="1" type="stmt"/>
        <line num="106" count="1" type="stmt"/>
        <line num="110" count="0" type="stmt"/>
        <line num="114" count="0" type="stmt"/>
        <line num="118" count="14" type="stmt"/>
        <line num="122" count="14" type="stmt"/>
        <line num="126" count="3" type="cond" truecount="1" falsecount="0"/>
        <line num="127" count="1" type="stmt"/>
        <line num="130" count="2" type="stmt"/>
        <line num="131" count="2" type="stmt"/>
        <line num="135" count="2" type="cond" truecount="0" falsecount="1"/>
        <line num="136" count="0" type="stmt"/>
        <line num="139" count="2" type="cond" truecount="1" falsecount="0"/>
        <line num="140" count="1" type="stmt"/>
        <line num="143" count="1" type="stmt"/>
        <line num="144" count="1" type="stmt"/>
        <line num="148" count="2" type="cond" truecount="0" falsecount="1"/>
        <line num="149" count="0" type="stmt"/>
        <line num="152" count="2" type="cond" truecount="1" falsecount="0"/>
        <line num="153" count="1" type="stmt"/>
        <line num="156" count="1" type="stmt"/>
        <line num="157" count="1" type="stmt"/>
        <line num="161" count="2" type="cond" truecount="0" falsecount="1"/>
        <line num="162" count="0" type="stmt"/>
        <line num="165" count="2" type="cond" truecount="1" falsecount="0"/>
        <line num="166" count="1" type="stmt"/>
        <line num="169" count="1" type="stmt"/>
        <line num="170" count="1" type="stmt"/>
        <line num="174" count="12" type="stmt"/>
      </file>
    </package>
    <package name="src.infrastructure.repositories">
      <metrics statements="25" coveredstatements="25" conditionals="8" coveredconditionals="8" methods="8" coveredmethods="8"/>
      <file name="InventorySKURepository.ts" path="/workspace/wlgns5376_msa-ecommerce-product_PVTI_lAHOAJ39a84A91F1zgezCJA/src/infrastructure/repositories/InventorySKURepository.ts">
        <metrics statements="25" coveredstatements="25" conditionals="8" coveredconditionals="8" methods="8" coveredmethods="8"/>
        <line num="3" count="3" type="stmt"/>
        <line num="4" count="28" type="stmt"/>
        <line num="7" count="24" type="stmt"/>
        <line num="8" count="24" type="stmt"/>
        <line num="12" count="3" type="cond" truecount="2" falsecount="0"/>
        <line num="16" count="2" type="stmt"/>
        <line num="17" count="1" type="cond" truecount="1" falsecount="0"/>
        <line num="18" count="1" type="stmt"/>
        <line num="21" count="1" type="stmt"/>
        <line num="28" count="12" type="stmt"/>
        <line num="29" count="4" type="cond" truecount="3" falsecount="0"/>
        <line num="30" count="2" type="stmt"/>
        <line num="33" count="10" type="stmt"/>
        <line num="37" count="2" type="stmt"/>
        <line num="38" count="2" type="stmt"/>
        <line num="39" count="3" type="cond" truecount="1" falsecount="0"/>
        <line num="40" count="2" type="stmt"/>
        <line num="43" count="2" type="stmt"/>
        <line num="47" count="2" type="stmt"/>
        <line num="48" count="2" type="stmt"/>
        <line num="49" count="3" type="cond" truecount="1" falsecount="0"/>
        <line num="50" count="2" type="stmt"/>
        <line num="53" count="2" type="stmt"/>
        <line num="57" count="2" type="stmt"/>
        <line num="61" count="2" type="stmt"/>
      </file>
    </package>
    <package name="src.interfaces.api.controllers">
      <metrics statements="23" coveredstatements="21" conditionals="5" coveredconditionals="4" methods="5" coveredmethods="5"/>
      <file name="InventoryController.ts" path="/workspace/wlgns5376_msa-ecommerce-product_PVTI_lAHOAJ39a84A91F1zgezCJA/src/interfaces/api/controllers/InventoryController.ts">
        <metrics statements="23" coveredstatements="21" conditionals="5" coveredconditionals="4" methods="5" coveredmethods="5"/>
        <line num="1" count="2" type="stmt"/>
        <line num="4" count="2" type="stmt"/>
        <line num="6" count="2" type="stmt"/>
        <line num="11" count="20" type="stmt"/>
        <line num="12" count="20" type="stmt"/>
        <line num="13" count="20" type="stmt"/>
        <line num="17" count="20" type="stmt"/>
        <line num="26" count="13" type="stmt"/>
        <line num="27" count="13" type="stmt"/>
        <line num="39" count="13" type="stmt"/>
        <line num="41" count="10" type="stmt"/>
        <line num="46" count="3" type="stmt"/>
        <line num="51" count="3" type="cond" truecount="1" falsecount="0"/>
        <line num="52" count="3" type="stmt"/>
        <line num="54" count="3" type="cond" truecount="1" falsecount="0"/>
        <line num="55" count="2" type="stmt"/>
        <line num="61" count="2" type="stmt"/>
        <line num="64" count="1" type="cond" truecount="0" falsecount="1"/>
        <line num="65" count="0" type="stmt"/>
        <line num="71" count="0" type="stmt"/>
        <line num="75" count="1" type="stmt"/>
        <line num="76" count="1" type="stmt"/>
        <line num="85" count="20" type="stmt"/>
      </file>
    </package>
    <package name="src.interfaces.api.middleware">
      <metrics statements="10" coveredstatements="10" conditionals="3" coveredconditionals="2" methods="3" coveredmethods="3"/>
      <file name="validationMiddleware.ts" path="/workspace/wlgns5376_msa-ecommerce-product_PVTI_lAHOAJ39a84A91F1zgezCJA/src/interfaces/api/middleware/validationMiddleware.ts">
        <metrics statements="10" coveredstatements="10" conditionals="3" coveredconditionals="2" methods="3" coveredmethods="3"/>
        <line num="2" count="2" type="stmt"/>
        <line num="4" count="2" type="stmt"/>
        <line num="5" count="20" type="stmt"/>
        <line num="60" count="2" type="stmt"/>
        <line num="65" count="20" type="stmt"/>
        <line num="67" count="20" type="cond" truecount="1" falsecount="0"/>
        <line num="68" count="31" type="stmt"/>
        <line num="73" count="7" type="stmt"/>
        <line num="80" count="7" type="stmt"/>
        <line num="83" count="13" type="stmt"/>
      </file>
    </package>
  </project>
</coverage>
