{"/workspace/wlgns5376_msa-ecommerce-product_PVTI_lAHOAJ39a84A91F1zge2YWY/src/app.ts": {"path":"/workspace/wlgns5376_msa-ecommerce-product_PVTI_lAHOAJ39a84A91F1zge2YWY/src/app.ts","statementMap":{"0":{"start":{"line":6,"column":0},"end":{"line":6,"column":16}},"1":{"start":{"line":1,"column":0},"end":{"line":1,"column":30}},"2":{"start":{"line":2,"column":0},"end":{"line":2,"column":69}},"3":{"start":{"line":3,"column":0},"end":{"line":3,"column":58}},"4":{"start":{"line":4,"column":0},"end":{"line":4,"column":75}},"5":{"start":{"line":7,"column":14},"end":{"line":7,"column":23}},"6":{"start":{"line":9,"column":2},"end":{"line":9,"column":26}},"7":{"start":{"line":11,"column":28},"end":{"line":11,"column":59}},"8":{"start":{"line":12,"column":25},"end":{"line":12,"column":62}},"9":{"start":{"line":13,"column":24},"end":{"line":13,"column":59}},"10":{"start":{"line":15,"column":2},"end":{"line":15,"column":42}},"11":{"start":{"line":17,"column":2},"end":{"line":25,"column":5}},"12":{"start":{"line":18,"column":4},"end":{"line":21,"column":5}},"13":{"start":{"line":19,"column":6},"end":{"line":19,"column":61}},"14":{"start":{"line":20,"column":6},"end":{"line":20,"column":13}},"15":{"start":{"line":23,"column":4},"end":{"line":23,"column":43}},"16":{"start":{"line":24,"column":4},"end":{"line":24,"column":61}},"17":{"start":{"line":27,"column":2},"end":{"line":27,"column":13}}},"fnMap":{"0":{"name":"createApp","decl":{"start":{"line":6,"column":16},"end":{"line":6,"column":25}},"loc":{"start":{"line":6,"column":25},"end":{"line":28,"column":1}}},"1":{"name":"(anonymous_2)","decl":{"start":{"line":17,"column":10},"end":{"line":17,"column":11}},"loc":{"start":{"line":17,"column":106},"end":{"line":25,"column":3}}}},"branchMap":{"0":{"loc":{"start":{"line":18,"column":4},"end":{"line":21,"column":5}},"type":"if","locations":[{"start":{"line":18,"column":4},"end":{"line":21,"column":5}},{"start":{},"end":{}}]},"1":{"loc":{"start":{"line":18,"column":8},"end":{"line":18,"column":51}},"type":"binary-expr","locations":[{"start":{"line":18,"column":8},"end":{"line":18,"column":34}},{"start":{"line":18,"column":38},"end":{"line":18,"column":51}}]}},"s":{"0":1,"1":1,"2":1,"3":1,"4":1,"5":3,"6":3,"7":3,"8":3,"9":3,"10":3,"11":3,"12":1,"13":1,"14":1,"15":0,"16":0,"17":3},"f":{"0":3,"1":1},"b":{"0":[1,0],"1":[1,1]}}
,"/workspace/wlgns5376_msa-ecommerce-product_PVTI_lAHOAJ39a84A91F1zge2YWY/src/controller/ProductController.ts": {"path":"/workspace/wlgns5376_msa-ecommerce-product_PVTI_lAHOAJ39a84A91F1zge2YWY/src/controller/ProductController.ts","statementMap":{"0":{"start":{"line":5,"column":0},"end":{"line":5,"column":16}},"1":{"start":{"line":1,"column":0},"end":{"line":1,"column":52}},"2":{"start":{"line":2,"column":0},"end":{"line":2,"column":81}},"3":{"start":{"line":3,"column":0},"end":{"line":3,"column":77}},"4":{"start":{"line":6,"column":17},"end":{"line":6,"column":25}},"5":{"start":{"line":8,"column":2},"end":{"line":25,"column":5}},"6":{"start":{"line":9,"column":4},"end":{"line":24,"column":5}},"7":{"start":{"line":10,"column":24},"end":{"line":10,"column":41}},"8":{"start":{"line":11,"column":42},"end":{"line":11,"column":50}},"9":{"start":{"line":12,"column":29},"end":{"line":12,"column":85}},"10":{"start":{"line":14,"column":6},"end":{"line":14,"column":43}},"11":{"start":{"line":16,"column":6},"end":{"line":23,"column":7}},"12":{"start":{"line":17,"column":8},"end":{"line":17,"column":55}},"13":{"start":{"line":18,"column":13},"end":{"line":23,"column":7}},"14":{"start":{"line":19,"column":8},"end":{"line":19,"column":55}},"15":{"start":{"line":21,"column":8},"end":{"line":21,"column":50}},"16":{"start":{"line":22,"column":8},"end":{"line":22,"column":65}},"17":{"start":{"line":27,"column":2},"end":{"line":27,"column":16}}},"fnMap":{"0":{"name":"createProductRouter","decl":{"start":{"line":5,"column":16},"end":{"line":5,"column":35}},"loc":{"start":{"line":5,"column":66},"end":{"line":28,"column":1}}},"1":{"name":"(anonymous_1)","decl":{"start":{"line":8,"column":21},"end":{"line":8,"column":26}},"loc":{"start":{"line":8,"column":74},"end":{"line":25,"column":3}}}},"branchMap":{"0":{"loc":{"start":{"line":16,"column":6},"end":{"line":23,"column":7}},"type":"if","locations":[{"start":{"line":16,"column":6},"end":{"line":23,"column":7}},{"start":{"line":18,"column":13},"end":{"line":23,"column":7}}]},"1":{"loc":{"start":{"line":18,"column":13},"end":{"line":23,"column":7}},"type":"if","locations":[{"start":{"line":18,"column":13},"end":{"line":23,"column":7}},{"start":{"line":20,"column":13},"end":{"line":23,"column":7}}]}},"s":{"0":2,"1":2,"2":2,"3":2,"4":14,"5":14,"6":11,"7":11,"8":11,"9":11,"10":3,"11":8,"12":2,"13":6,"14":5,"15":1,"16":1,"17":14},"f":{"0":14,"1":11},"b":{"0":[2,6],"1":[5,1]}}
,"/workspace/wlgns5376_msa-ecommerce-product_PVTI_lAHOAJ39a84A91F1zge2YWY/src/domain/Product.ts": {"path":"/workspace/wlgns5376_msa-ecommerce-product_PVTI_lAHOAJ39a84A91F1zge2YWY/src/domain/Product.ts","statementMap":{"0":{"start":{"line":27,"column":0},"end":{"line":27,"column":16}},"1":{"start":{"line":22,"column":4},"end":{"line":22,"column":19}},"2":{"start":{"line":23,"column":4},"end":{"line":23,"column":41}},"3":{"start":{"line":20,"column":0},"end":{"line":20,"column":13}},"4":{"start":{"line":28,"column":2},"end":{"line":30,"column":3}},"5":{"start":{"line":29,"column":4},"end":{"line":29,"column":69}},"6":{"start":{"line":32,"column":2},"end":{"line":39,"column":3}},"7":{"start":{"line":33,"column":4},"end":{"line":35,"column":5}},"8":{"start":{"line":34,"column":6},"end":{"line":34,"column":75}},"9":{"start":{"line":36,"column":4},"end":{"line":38,"column":5}},"10":{"start":{"line":37,"column":6},"end":{"line":37,"column":79}},"11":{"start":{"line":41,"column":2},"end":{"line":48,"column":3}},"12":{"start":{"line":42,"column":4},"end":{"line":44,"column":5}},"13":{"start":{"line":43,"column":6},"end":{"line":43,"column":75}},"14":{"start":{"line":45,"column":4},"end":{"line":47,"column":5}},"15":{"start":{"line":46,"column":6},"end":{"line":46,"column":75}},"16":{"start":{"line":50,"column":2},"end":{"line":52,"column":3}},"17":{"start":{"line":51,"column":4},"end":{"line":51,"column":68}}},"fnMap":{"0":{"name":"(anonymous_0)","decl":{"start":{"line":21,"column":2},"end":{"line":21,"column":14}},"loc":{"start":{"line":21,"column":29},"end":{"line":24,"column":3}}},"1":{"name":"validateUpdateProductDto","decl":{"start":{"line":27,"column":16},"end":{"line":27,"column":40}},"loc":{"start":{"line":27,"column":62},"end":{"line":53,"column":1}}}},"branchMap":{"0":{"loc":{"start":{"line":28,"column":2},"end":{"line":30,"column":3}},"type":"if","locations":[{"start":{"line":28,"column":2},"end":{"line":30,"column":3}},{"start":{},"end":{}}]},"1":{"loc":{"start":{"line":28,"column":6},"end":{"line":28,"column":60}},"type":"binary-expr","locations":[{"start":{"line":28,"column":6},"end":{"line":28,"column":28}},{"start":{"line":28,"column":32},"end":{"line":28,"column":60}}]},"2":{"loc":{"start":{"line":32,"column":2},"end":{"line":39,"column":3}},"type":"if","locations":[{"start":{"line":32,"column":2},"end":{"line":39,"column":3}},{"start":{},"end":{}}]},"3":{"loc":{"start":{"line":33,"column":4},"end":{"line":35,"column":5}},"type":"if","locations":[{"start":{"line":33,"column":4},"end":{"line":35,"column":5}},{"start":{},"end":{}}]},"4":{"loc":{"start":{"line":36,"column":4},"end":{"line":38,"column":5}},"type":"if","locations":[{"start":{"line":36,"column":4},"end":{"line":38,"column":5}},{"start":{},"end":{}}]},"5":{"loc":{"start":{"line":41,"column":2},"end":{"line":48,"column":3}},"type":"if","locations":[{"start":{"line":41,"column":2},"end":{"line":48,"column":3}},{"start":{},"end":{}}]},"6":{"loc":{"start":{"line":42,"column":4},"end":{"line":44,"column":5}},"type":"if","locations":[{"start":{"line":42,"column":4},"end":{"line":44,"column":5}},{"start":{},"end":{}}]},"7":{"loc":{"start":{"line":45,"column":4},"end":{"line":47,"column":5}},"type":"if","locations":[{"start":{"line":45,"column":4},"end":{"line":47,"column":5}},{"start":{},"end":{}}]},"8":{"loc":{"start":{"line":50,"column":2},"end":{"line":52,"column":3}},"type":"if","locations":[{"start":{"line":50,"column":2},"end":{"line":52,"column":3}},{"start":{},"end":{}}]},"9":{"loc":{"start":{"line":50,"column":6},"end":{"line":50,"column":72}},"type":"binary-expr","locations":[{"start":{"line":50,"column":6},"end":{"line":50,"column":34}},{"start":{"line":50,"column":38},"end":{"line":50,"column":72}}]}},"s":{"0":4,"1":28,"2":28,"3":4,"4":28,"5":4,"6":24,"7":8,"8":3,"9":5,"10":2,"11":19,"12":6,"13":2,"14":4,"15":2,"16":15,"17":3},"f":{"0":28,"1":28},"b":{"0":[4,24],"1":[28,12],"2":[8,16],"3":[3,5],"4":[2,3],"5":[6,13],"6":[2,4],"7":[2,2],"8":[3,12],"9":[15,4]}}
,"/workspace/wlgns5376_msa-ecommerce-product_PVTI_lAHOAJ39a84A91F1zge2YWY/src/repository/ProductRepository.ts": {"path":"/workspace/wlgns5376_msa-ecommerce-product_PVTI_lAHOAJ39a84A91F1zge2YWY/src/repository/ProductRepository.ts","statementMap":{"0":{"start":{"line":9,"column":43},"end":{"line":9,"column":52}},"1":{"start":{"line":12,"column":4},"end":{"line":14,"column":7}},"2":{"start":{"line":13,"column":6},"end":{"line":13,"column":45}},"3":{"start":{"line":18,"column":4},"end":{"line":18,"column":41}},"4":{"start":{"line":22,"column":28},"end":{"line":22,"column":49}},"5":{"start":{"line":23,"column":4},"end":{"line":25,"column":5}},"6":{"start":{"line":24,"column":6},"end":{"line":24,"column":18}},"7":{"start":{"line":27,"column":36},"end":{"line":35,"column":6}},"8":{"start":{"line":37,"column":4},"end":{"line":37,"column":42}},"9":{"start":{"line":38,"column":4},"end":{"line":38,"column":26}},"10":{"start":{"line":42,"column":4},"end":{"line":42,"column":26}},"11":{"start":{"line":46,"column":4},"end":{"line":46,"column":43}},"12":{"start":{"line":8,"column":0},"end":{"line":8,"column":13}}},"fnMap":{"0":{"name":"(anonymous_0)","decl":{"start":{"line":11,"column":2},"end":{"line":11,"column":14}},"loc":{"start":{"line":11,"column":45},"end":{"line":15,"column":3}}},"1":{"name":"(anonymous_1)","decl":{"start":{"line":12,"column":28},"end":{"line":12,"column":35}},"loc":{"start":{"line":12,"column":38},"end":{"line":14,"column":5}}},"2":{"name":"(anonymous_2)","decl":{"start":{"line":17,"column":2},"end":{"line":17,"column":7}},"loc":{"start":{"line":17,"column":27},"end":{"line":19,"column":3}}},"3":{"name":"(anonymous_3)","decl":{"start":{"line":21,"column":2},"end":{"line":21,"column":7}},"loc":{"start":{"line":21,"column":48},"end":{"line":39,"column":3}}},"4":{"name":"(anonymous_4)","decl":{"start":{"line":41,"column":2},"end":{"line":41,"column":7}},"loc":{"start":{"line":41,"column":7},"end":{"line":43,"column":3}}},"5":{"name":"(anonymous_5)","decl":{"start":{"line":45,"column":2},"end":{"line":45,"column":12}},"loc":{"start":{"line":45,"column":29},"end":{"line":47,"column":3}}}},"branchMap":{"0":{"loc":{"start":{"line":11,"column":14},"end":{"line":11,"column":45}},"type":"default-arg","locations":[{"start":{"line":11,"column":43},"end":{"line":11,"column":45}}]},"1":{"loc":{"start":{"line":18,"column":11},"end":{"line":18,"column":40}},"type":"binary-expr","locations":[{"start":{"line":18,"column":11},"end":{"line":18,"column":32}},{"start":{"line":18,"column":36},"end":{"line":18,"column":40}}]},"2":{"loc":{"start":{"line":23,"column":4},"end":{"line":25,"column":5}},"type":"if","locations":[{"start":{"line":23,"column":4},"end":{"line":25,"column":5}},{"start":{},"end":{}}]},"3":{"loc":{"start":{"line":29,"column":10},"end":{"line":29,"column":54}},"type":"binary-expr","locations":[{"start":{"line":29,"column":10},"end":{"line":29,"column":32}},{"start":{"line":29,"column":36},"end":{"line":29,"column":54}}]},"4":{"loc":{"start":{"line":30,"column":10},"end":{"line":30,"column":75}},"type":"binary-expr","locations":[{"start":{"line":30,"column":10},"end":{"line":30,"column":39}},{"start":{"line":30,"column":43},"end":{"line":30,"column":75}}]},"5":{"loc":{"start":{"line":31,"column":10},"end":{"line":31,"column":57}},"type":"binary-expr","locations":[{"start":{"line":31,"column":10},"end":{"line":31,"column":33}},{"start":{"line":31,"column":37},"end":{"line":31,"column":57}}]},"6":{"loc":{"start":{"line":32,"column":10},"end":{"line":32,"column":57}},"type":"binary-expr","locations":[{"start":{"line":32,"column":10},"end":{"line":32,"column":33}},{"start":{"line":32,"column":37},"end":{"line":32,"column":57}}]},"7":{"loc":{"start":{"line":33,"column":10},"end":{"line":33,"column":72}},"type":"binary-expr","locations":[{"start":{"line":33,"column":10},"end":{"line":33,"column":38}},{"start":{"line":33,"column":42},"end":{"line":33,"column":72}}]}},"s":{"0":29,"1":29,"2":2,"3":14,"4":8,"5":8,"6":1,"7":7,"8":7,"9":7,"10":12,"11":20,"12":4},"f":{"0":29,"1":2,"2":14,"3":8,"4":12,"5":20},"b":{"0":[28],"1":[14,5],"2":[1,7],"3":[7,4],"4":[7,2],"5":[7,5],"6":[7,2],"7":[7,1]}}
,"/workspace/wlgns5376_msa-ecommerce-product_PVTI_lAHOAJ39a84A91F1zge2YWY/src/service/ProductService.ts": {"path":"/workspace/wlgns5376_msa-ecommerce-product_PVTI_lAHOAJ39a84A91F1zge2YWY/src/service/ProductService.ts","statementMap":{"0":{"start":{"line":1,"column":0},"end":{"line":1,"column":88}},"1":{"start":{"line":6,"column":4},"end":{"line":6,"column":45}},"2":{"start":{"line":7,"column":4},"end":{"line":7,"column":39}},"3":{"start":{"line":4,"column":0},"end":{"line":4,"column":13}},"4":{"start":{"line":12,"column":31},"end":{"line":12,"column":60}},"5":{"start":{"line":15,"column":4},"end":{"line":15,"column":34}},"6":{"start":{"line":17,"column":28},"end":{"line":17,"column":62}},"7":{"start":{"line":18,"column":4},"end":{"line":20,"column":5}},"8":{"start":{"line":19,"column":6},"end":{"line":19,"column":41}},"9":{"start":{"line":22,"column":27},"end":{"line":22,"column":64}},"10":{"start":{"line":23,"column":4},"end":{"line":25,"column":5}},"11":{"start":{"line":24,"column":6},"end":{"line":24,"column":41}},"12":{"start":{"line":27,"column":4},"end":{"line":27,"column":26}},"13":{"start":{"line":11,"column":0},"end":{"line":11,"column":13}}},"fnMap":{"0":{"name":"(anonymous_0)","decl":{"start":{"line":5,"column":2},"end":{"line":5,"column":14}},"loc":{"start":{"line":5,"column":24},"end":{"line":8,"column":3}}},"1":{"name":"(anonymous_1)","decl":{"start":{"line":12,"column":2},"end":{"line":12,"column":31}},"loc":{"start":{"line":12,"column":60},"end":{"line":12,"column":64}}},"2":{"name":"(anonymous_2)","decl":{"start":{"line":14,"column":2},"end":{"line":14,"column":7}},"loc":{"start":{"line":14,"column":55},"end":{"line":28,"column":3}}}},"branchMap":{"0":{"loc":{"start":{"line":18,"column":4},"end":{"line":20,"column":5}},"type":"if","locations":[{"start":{"line":18,"column":4},"end":{"line":20,"column":5}},{"start":{},"end":{}}]},"1":{"loc":{"start":{"line":23,"column":4},"end":{"line":25,"column":5}},"type":"if","locations":[{"start":{"line":23,"column":4},"end":{"line":25,"column":5}},{"start":{},"end":{}}]}},"s":{"0":3,"1":7,"2":7,"3":3,"4":20,"5":16,"6":9,"7":8,"8":3,"9":5,"10":5,"11":1,"12":4,"13":3},"f":{"0":7,"1":20,"2":16},"b":{"0":[3,5],"1":[1,4]}}
}
