{"/workspace/wlgns5376_msa-ecommerce-product_PVTI_lAHOAJ39a84A91F1zgezCJA/src/app.ts": {"path":"/workspace/wlgns5376_msa-ecommerce-product_PVTI_lAHOAJ39a84A91F1zgezCJA/src/app.ts","statementMap":{"0":{"start":{"line":6,"column":0},"end":{"line":6,"column":16}},"1":{"start":{"line":1,"column":0},"end":{"line":1,"column":66}},"2":{"start":{"line":2,"column":0},"end":{"line":2,"column":87}},"3":{"start":{"line":3,"column":0},"end":{"line":3,"column":81}},"4":{"start":{"line":4,"column":0},"end":{"line":4,"column":94}},"5":{"start":{"line":7,"column":14},"end":{"line":7,"column":23}},"6":{"start":{"line":9,"column":2},"end":{"line":9,"column":26}},"7":{"start":{"line":10,"column":2},"end":{"line":10,"column":50}},"8":{"start":{"line":12,"column":33},"end":{"line":12,"column":61}},"9":{"start":{"line":13,"column":30},"end":{"line":13,"column":77}},"10":{"start":{"line":14,"column":30},"end":{"line":14,"column":74}},"11":{"start":{"line":16,"column":2},"end":{"line":18,"column":5}},"12":{"start":{"line":17,"column":4},"end":{"line":17,"column":68}},"13":{"start":{"line":20,"column":2},"end":{"line":20,"column":61}},"14":{"start":{"line":22,"column":2},"end":{"line":30,"column":5}},"15":{"start":{"line":23,"column":4},"end":{"line":29,"column":7}},"16":{"start":{"line":32,"column":2},"end":{"line":40,"column":5}},"17":{"start":{"line":33,"column":4},"end":{"line":33,"column":43}},"18":{"start":{"line":34,"column":4},"end":{"line":39,"column":7}},"19":{"start":{"line":42,"column":2},"end":{"line":42,"column":13}}},"fnMap":{"0":{"name":"createApp","decl":{"start":{"line":6,"column":16},"end":{"line":6,"column":25}},"loc":{"start":{"line":6,"column":25},"end":{"line":43,"column":1}}},"1":{"name":"(anonymous_2)","decl":{"start":{"line":16,"column":21},"end":{"line":16,"column":22}},"loc":{"start":{"line":16,"column":54},"end":{"line":18,"column":3}}},"2":{"name":"(anonymous_3)","decl":{"start":{"line":22,"column":10},"end":{"line":22,"column":11}},"loc":{"start":{"line":22,"column":42},"end":{"line":30,"column":3}}},"3":{"name":"(anonymous_4)","decl":{"start":{"line":32,"column":10},"end":{"line":32,"column":11}},"loc":{"start":{"line":32,"column":55},"end":{"line":40,"column":3}}}},"branchMap":{},"s":{"0":1,"1":1,"2":1,"3":1,"4":1,"5":11,"6":11,"7":11,"8":11,"9":11,"10":11,"11":11,"12":1,"13":11,"14":11,"15":1,"16":11,"17":0,"18":0,"19":11},"f":{"0":11,"1":1,"2":1,"3":0},"b":{}}
,"/workspace/wlgns5376_msa-ecommerce-product_PVTI_lAHOAJ39a84A91F1zgezCJA/src/application/services/InventorySKUService.ts": {"path":"/workspace/wlgns5376_msa-ecommerce-product_PVTI_lAHOAJ39a84A91F1zgezCJA/src/application/services/InventorySKUService.ts","statementMap":{"0":{"start":{"line":2,"column":0},"end":{"line":2,"column":67}},"1":{"start":{"line":6,"column":31},"end":{"line":6,"column":77}},"2":{"start":{"line":9,"column":24},"end":{"line":11,"column":null}},"3":{"start":{"line":14,"column":4},"end":{"line":18,"column":5}},"4":{"start":{"line":15,"column":20},"end":{"line":15,"column":63}},"5":{"start":{"line":16,"column":6},"end":{"line":16,"column":35}},"6":{"start":{"line":17,"column":6},"end":{"line":17,"column":18}},"7":{"start":{"line":20,"column":4},"end":{"line":40,"column":5}},"8":{"start":{"line":21,"column":27},"end":{"line":29,"column":8}},"9":{"start":{"line":31,"column":23},"end":{"line":31,"column":75}},"10":{"start":{"line":32,"column":6},"end":{"line":32,"column":31}},"11":{"start":{"line":34,"column":6},"end":{"line":38,"column":7}},"12":{"start":{"line":35,"column":32},"end":{"line":35,"column":44}},"13":{"start":{"line":36,"column":8},"end":{"line":36,"column":50}},"14":{"start":{"line":37,"column":8},"end":{"line":37,"column":30}},"15":{"start":{"line":39,"column":6},"end":{"line":39,"column":18}},"16":{"start":{"line":5,"column":0},"end":{"line":5,"column":13}}},"fnMap":{"0":{"name":"(anonymous_0)","decl":{"start":{"line":6,"column":2},"end":{"line":6,"column":31}},"loc":{"start":{"line":6,"column":77},"end":{"line":6,"column":81}}},"1":{"name":"(anonymous_1)","decl":{"start":{"line":8,"column":9},"end":{"line":8,"column":14}},"loc":{"start":{"line":8,"column":51},"end":{"line":41,"column":3}}}},"branchMap":{"0":{"loc":{"start":{"line":14,"column":4},"end":{"line":18,"column":5}},"type":"if","locations":[{"start":{"line":14,"column":4},"end":{"line":18,"column":5}}]},"1":{"loc":{"start":{"line":26,"column":26},"end":{"line":26,"column":51}},"type":"binary-expr","locations":[{"start":{"line":26,"column":26},"end":{"line":26,"column":46}},{"start":{"line":26,"column":50},"end":{"line":26,"column":51}}]},"2":{"loc":{"start":{"line":34,"column":6},"end":{"line":38,"column":7}},"type":"if","locations":[{"start":{"line":34,"column":6},"end":{"line":38,"column":7}}]}},"s":{"0":3,"1":21,"2":26,"3":26,"4":3,"5":3,"6":3,"7":23,"8":23,"9":11,"10":10,"11":13,"12":13,"13":13,"14":13,"15":0,"16":3},"f":{"0":21,"1":26},"b":{"0":[3],"1":[23,1],"2":[13]}}
,"/workspace/wlgns5376_msa-ecommerce-product_PVTI_lAHOAJ39a84A91F1zgezCJA/src/domain/inventory/InventorySKU.ts": {"path":"/workspace/wlgns5376_msa-ecommerce-product_PVTI_lAHOAJ39a84A91F1zgezCJA/src/domain/inventory/InventorySKU.ts","statementMap":{"0":{"start":{"line":1,"column":0},"end":{"line":1,"column":36}},"1":{"start":{"line":29,"column":4},"end":{"line":29,"column":30}},"2":{"start":{"line":31,"column":4},"end":{"line":31,"column":36}},"3":{"start":{"line":32,"column":4},"end":{"line":32,"column":34}},"4":{"start":{"line":33,"column":4},"end":{"line":33,"column":38}},"5":{"start":{"line":34,"column":4},"end":{"line":34,"column":42}},"6":{"start":{"line":35,"column":4},"end":{"line":35,"column":36}},"7":{"start":{"line":36,"column":4},"end":{"line":36,"column":52}},"8":{"start":{"line":37,"column":4},"end":{"line":37,"column":46}},"9":{"start":{"line":38,"column":4},"end":{"line":38,"column":46}},"10":{"start":{"line":39,"column":4},"end":{"line":39,"column":52}},"11":{"start":{"line":40,"column":4},"end":{"line":40,"column":52}},"12":{"start":{"line":44,"column":4},"end":{"line":46,"column":5}},"13":{"start":{"line":45,"column":6},"end":{"line":45,"column":46}},"14":{"start":{"line":48,"column":4},"end":{"line":50,"column":5}},"15":{"start":{"line":49,"column":6},"end":{"line":49,"column":48}},"16":{"start":{"line":52,"column":4},"end":{"line":54,"column":5}},"17":{"start":{"line":53,"column":6},"end":{"line":53,"column":50}},"18":{"start":{"line":56,"column":4},"end":{"line":58,"column":5}},"19":{"start":{"line":57,"column":6},"end":{"line":57,"column":53}},"20":{"start":{"line":60,"column":4},"end":{"line":62,"column":5}},"21":{"start":{"line":61,"column":6},"end":{"line":61,"column":62}},"22":{"start":{"line":64,"column":4},"end":{"line":66,"column":5}},"23":{"start":{"line":65,"column":6},"end":{"line":65,"column":72}},"24":{"start":{"line":68,"column":4},"end":{"line":70,"column":5}},"25":{"start":{"line":69,"column":6},"end":{"line":69,"column":71}},"26":{"start":{"line":74,"column":4},"end":{"line":74,"column":20}},"27":{"start":{"line":78,"column":4},"end":{"line":78,"column":25}},"28":{"start":{"line":82,"column":4},"end":{"line":82,"column":27}},"29":{"start":{"line":86,"column":4},"end":{"line":86,"column":29}},"30":{"start":{"line":90,"column":4},"end":{"line":90,"column":26}},"31":{"start":{"line":94,"column":4},"end":{"line":94,"column":34}},"32":{"start":{"line":98,"column":4},"end":{"line":98,"column":51}},"33":{"start":{"line":102,"column":4},"end":{"line":102,"column":31}},"34":{"start":{"line":106,"column":4},"end":{"line":106,"column":31}},"35":{"start":{"line":110,"column":4},"end":{"line":110,"column":27}},"36":{"start":{"line":114,"column":4},"end":{"line":114,"column":27}},"37":{"start":{"line":118,"column":4},"end":{"line":118,"column":48}},"38":{"start":{"line":122,"column":4},"end":{"line":122,"column":48}},"39":{"start":{"line":126,"column":4},"end":{"line":128,"column":5}},"40":{"start":{"line":127,"column":6},"end":{"line":127,"column":55}},"41":{"start":{"line":130,"column":4},"end":{"line":130,"column":31}},"42":{"start":{"line":131,"column":4},"end":{"line":131,"column":33}},"43":{"start":{"line":135,"column":4},"end":{"line":137,"column":5}},"44":{"start":{"line":136,"column":6},"end":{"line":136,"column":58}},"45":{"start":{"line":139,"column":4},"end":{"line":141,"column":5}},"46":{"start":{"line":140,"column":6},"end":{"line":140,"column":54}},"47":{"start":{"line":143,"column":4},"end":{"line":143,"column":31}},"48":{"start":{"line":144,"column":4},"end":{"line":144,"column":33}},"49":{"start":{"line":148,"column":4},"end":{"line":150,"column":5}},"50":{"start":{"line":149,"column":6},"end":{"line":149,"column":59}},"51":{"start":{"line":152,"column":4},"end":{"line":154,"column":5}},"52":{"start":{"line":153,"column":6},"end":{"line":153,"column":70}},"53":{"start":{"line":156,"column":4},"end":{"line":156,"column":39}},"54":{"start":{"line":157,"column":4},"end":{"line":157,"column":33}},"55":{"start":{"line":161,"column":4},"end":{"line":163,"column":5}},"56":{"start":{"line":162,"column":6},"end":{"line":162,"column":59}},"57":{"start":{"line":165,"column":4},"end":{"line":167,"column":5}},"58":{"start":{"line":166,"column":6},"end":{"line":166,"column":68}},"59":{"start":{"line":169,"column":4},"end":{"line":169,"column":39}},"60":{"start":{"line":170,"column":4},"end":{"line":170,"column":33}},"61":{"start":{"line":174,"column":4},"end":{"line":188,"column":6}},"62":{"start":{"line":16,"column":0},"end":{"line":16,"column":13}}},"fnMap":{"0":{"name":"(anonymous_0)","decl":{"start":{"line":28,"column":2},"end":{"line":28,"column":14}},"loc":{"start":{"line":28,"column":38},"end":{"line":41,"column":3}}},"1":{"name":"(anonymous_1)","decl":{"start":{"line":43,"column":10},"end":{"line":43,"column":23}},"loc":{"start":{"line":43,"column":48},"end":{"line":71,"column":3}}},"2":{"name":"(anonymous_2)","decl":{"start":{"line":73,"column":2},"end":{"line":73,"column":6}},"loc":{"start":{"line":73,"column":8},"end":{"line":75,"column":3}}},"3":{"name":"(anonymous_3)","decl":{"start":{"line":77,"column":2},"end":{"line":77,"column":6}},"loc":{"start":{"line":77,"column":13},"end":{"line":79,"column":3}}},"4":{"name":"(anonymous_4)","decl":{"start":{"line":81,"column":2},"end":{"line":81,"column":6}},"loc":{"start":{"line":81,"column":15},"end":{"line":83,"column":3}}},"5":{"name":"(anonymous_5)","decl":{"start":{"line":85,"column":2},"end":{"line":85,"column":6}},"loc":{"start":{"line":85,"column":17},"end":{"line":87,"column":3}}},"6":{"name":"(anonymous_6)","decl":{"start":{"line":89,"column":2},"end":{"line":89,"column":6}},"loc":{"start":{"line":89,"column":14},"end":{"line":91,"column":3}}},"7":{"name":"(anonymous_7)","decl":{"start":{"line":93,"column":2},"end":{"line":93,"column":6}},"loc":{"start":{"line":93,"column":22},"end":{"line":95,"column":3}}},"8":{"name":"(anonymous_8)","decl":{"start":{"line":97,"column":2},"end":{"line":97,"column":6}},"loc":{"start":{"line":97,"column":23},"end":{"line":99,"column":3}}},"9":{"name":"(anonymous_9)","decl":{"start":{"line":101,"column":2},"end":{"line":101,"column":6}},"loc":{"start":{"line":101,"column":19},"end":{"line":103,"column":3}}},"10":{"name":"(anonymous_10)","decl":{"start":{"line":105,"column":2},"end":{"line":105,"column":6}},"loc":{"start":{"line":105,"column":19},"end":{"line":107,"column":3}}},"11":{"name":"(anonymous_11)","decl":{"start":{"line":109,"column":2},"end":{"line":109,"column":6}},"loc":{"start":{"line":109,"column":15},"end":{"line":111,"column":3}}},"12":{"name":"(anonymous_12)","decl":{"start":{"line":113,"column":2},"end":{"line":113,"column":6}},"loc":{"start":{"line":113,"column":15},"end":{"line":115,"column":3}}},"13":{"name":"(anonymous_13)","decl":{"start":{"line":117,"column":9},"end":{"line":117,"column":19}},"loc":{"start":{"line":117,"column":19},"end":{"line":119,"column":3}}},"14":{"name":"(anonymous_14)","decl":{"start":{"line":121,"column":9},"end":{"line":121,"column":20}},"loc":{"start":{"line":121,"column":20},"end":{"line":123,"column":3}}},"15":{"name":"(anonymous_15)","decl":{"start":{"line":125,"column":9},"end":{"line":125,"column":17}},"loc":{"start":{"line":125,"column":34},"end":{"line":132,"column":3}}},"16":{"name":"(anonymous_16)","decl":{"start":{"line":134,"column":9},"end":{"line":134,"column":20}},"loc":{"start":{"line":134,"column":37},"end":{"line":145,"column":3}}},"17":{"name":"(anonymous_17)","decl":{"start":{"line":147,"column":9},"end":{"line":147,"column":21}},"loc":{"start":{"line":147,"column":38},"end":{"line":158,"column":3}}},"18":{"name":"(anonymous_18)","decl":{"start":{"line":160,"column":9},"end":{"line":160,"column":27}},"loc":{"start":{"line":160,"column":44},"end":{"line":171,"column":3}}},"19":{"name":"(anonymous_19)","decl":{"start":{"line":173,"column":9},"end":{"line":173,"column":15}},"loc":{"start":{"line":173,"column":15},"end":{"line":189,"column":3}}}},"branchMap":{"0":{"loc":{"start":{"line":31,"column":15},"end":{"line":31,"column":35}},"type":"binary-expr","locations":[{"start":{"line":31,"column":15},"end":{"line":31,"column":23}},{"start":{"line":31,"column":27},"end":{"line":31,"column":35}}]},"1":{"loc":{"start":{"line":39,"column":22},"end":{"line":39,"column":51}},"type":"binary-expr","locations":[{"start":{"line":39,"column":22},"end":{"line":39,"column":37}},{"start":{"line":39,"column":41},"end":{"line":39,"column":51}}]},"2":{"loc":{"start":{"line":40,"column":22},"end":{"line":40,"column":51}},"type":"binary-expr","locations":[{"start":{"line":40,"column":22},"end":{"line":40,"column":37}},{"start":{"line":40,"column":41},"end":{"line":40,"column":51}}]},"3":{"loc":{"start":{"line":44,"column":4},"end":{"line":46,"column":5}},"type":"if","locations":[{"start":{"line":44,"column":4},"end":{"line":46,"column":5}}]},"4":{"loc":{"start":{"line":44,"column":8},"end":{"line":44,"column":59}},"type":"binary-expr","locations":[{"start":{"line":44,"column":8},"end":{"line":44,"column":22}},{"start":{"line":44,"column":26},"end":{"line":44,"column":59}}]},"5":{"loc":{"start":{"line":48,"column":4},"end":{"line":50,"column":5}},"type":"if","locations":[{"start":{"line":48,"column":4},"end":{"line":50,"column":5}}]},"6":{"loc":{"start":{"line":48,"column":8},"end":{"line":48,"column":63}},"type":"binary-expr","locations":[{"start":{"line":48,"column":8},"end":{"line":48,"column":24}},{"start":{"line":48,"column":28},"end":{"line":48,"column":63}}]},"7":{"loc":{"start":{"line":52,"column":4},"end":{"line":54,"column":5}},"type":"if","locations":[{"start":{"line":52,"column":4},"end":{"line":54,"column":5}}]},"8":{"loc":{"start":{"line":52,"column":8},"end":{"line":52,"column":67}},"type":"binary-expr","locations":[{"start":{"line":52,"column":8},"end":{"line":52,"column":26}},{"start":{"line":52,"column":30},"end":{"line":52,"column":67}}]},"9":{"loc":{"start":{"line":56,"column":4},"end":{"line":58,"column":5}},"type":"if","locations":[{"start":{"line":56,"column":4},"end":{"line":58,"column":5}}]},"10":{"loc":{"start":{"line":60,"column":4},"end":{"line":62,"column":5}},"type":"if","locations":[{"start":{"line":60,"column":4},"end":{"line":62,"column":5}}]},"11":{"loc":{"start":{"line":64,"column":4},"end":{"line":66,"column":5}},"type":"if","locations":[{"start":{"line":64,"column":4},"end":{"line":66,"column":5}}]},"12":{"loc":{"start":{"line":68,"column":4},"end":{"line":70,"column":5}},"type":"if","locations":[{"start":{"line":68,"column":4},"end":{"line":70,"column":5}}]},"13":{"loc":{"start":{"line":126,"column":4},"end":{"line":128,"column":5}},"type":"if","locations":[{"start":{"line":126,"column":4},"end":{"line":128,"column":5}}]},"14":{"loc":{"start":{"line":135,"column":4},"end":{"line":137,"column":5}},"type":"if","locations":[{"start":{"line":135,"column":4},"end":{"line":137,"column":5}}]},"15":{"loc":{"start":{"line":139,"column":4},"end":{"line":141,"column":5}},"type":"if","locations":[{"start":{"line":139,"column":4},"end":{"line":141,"column":5}}]},"16":{"loc":{"start":{"line":148,"column":4},"end":{"line":150,"column":5}},"type":"if","locations":[{"start":{"line":148,"column":4},"end":{"line":150,"column":5}}]},"17":{"loc":{"start":{"line":152,"column":4},"end":{"line":154,"column":5}},"type":"if","locations":[{"start":{"line":152,"column":4},"end":{"line":154,"column":5}}]},"18":{"loc":{"start":{"line":161,"column":4},"end":{"line":163,"column":5}},"type":"if","locations":[{"start":{"line":161,"column":4},"end":{"line":163,"column":5}}]},"19":{"loc":{"start":{"line":165,"column":4},"end":{"line":167,"column":5}},"type":"if","locations":[{"start":{"line":165,"column":4},"end":{"line":167,"column":5}}]}},"s":{"0":5,"1":62,"2":43,"3":43,"4":43,"5":43,"6":43,"7":43,"8":43,"9":43,"10":43,"11":43,"12":62,"13":3,"14":59,"15":3,"16":56,"17":3,"18":53,"19":3,"20":50,"21":1,"22":49,"23":3,"24":46,"25":3,"26":26,"27":14,"28":5,"29":12,"30":4,"31":3,"32":21,"33":1,"34":1,"35":0,"36":0,"37":14,"38":14,"39":3,"40":1,"41":2,"42":2,"43":2,"44":0,"45":2,"46":1,"47":1,"48":1,"49":2,"50":0,"51":2,"52":1,"53":1,"54":1,"55":2,"56":0,"57":2,"58":1,"59":1,"60":1,"61":12,"62":5},"f":{"0":62,"1":62,"2":26,"3":14,"4":5,"5":12,"6":4,"7":3,"8":21,"9":1,"10":1,"11":0,"12":0,"13":14,"14":14,"15":3,"16":2,"17":2,"18":2,"19":12},"b":{"0":[43,37],"1":[43,43],"2":[43,43],"3":[3],"4":[62,59],"5":[3],"6":[59,56],"7":[3],"8":[56,53],"9":[3],"10":[1],"11":[3],"12":[3],"13":[1],"14":[0],"15":[1],"16":[0],"17":[1],"18":[0],"19":[1]}}
,"/workspace/wlgns5376_msa-ecommerce-product_PVTI_lAHOAJ39a84A91F1zgezCJA/src/infrastructure/repositories/InventorySKURepository.ts": {"path":"/workspace/wlgns5376_msa-ecommerce-product_PVTI_lAHOAJ39a84A91F1zgezCJA/src/infrastructure/repositories/InventorySKURepository.ts","statementMap":{"0":{"start":{"line":4,"column":47},"end":{"line":4,"column":56}},"1":{"start":{"line":7,"column":4},"end":{"line":7,"column":52}},"2":{"start":{"line":8,"column":4},"end":{"line":8,"column":24}},"3":{"start":{"line":12,"column":4},"end":{"line":12,"column":40}},"4":{"start":{"line":16,"column":4},"end":{"line":20,"column":5}},"5":{"start":{"line":17,"column":6},"end":{"line":19,"column":7}},"6":{"start":{"line":18,"column":8},"end":{"line":18,"column":19}},"7":{"start":{"line":21,"column":4},"end":{"line":21,"column":16}},"8":{"start":{"line":28,"column":4},"end":{"line":32,"column":5}},"9":{"start":{"line":29,"column":6},"end":{"line":31,"column":7}},"10":{"start":{"line":30,"column":8},"end":{"line":30,"column":19}},"11":{"start":{"line":33,"column":4},"end":{"line":33,"column":16}},"12":{"start":{"line":37,"column":36},"end":{"line":37,"column":38}},"13":{"start":{"line":38,"column":4},"end":{"line":42,"column":5}},"14":{"start":{"line":39,"column":6},"end":{"line":41,"column":7}},"15":{"start":{"line":40,"column":8},"end":{"line":40,"column":26}},"16":{"start":{"line":43,"column":4},"end":{"line":43,"column":19}},"17":{"start":{"line":47,"column":36},"end":{"line":47,"column":38}},"18":{"start":{"line":48,"column":4},"end":{"line":52,"column":5}},"19":{"start":{"line":49,"column":6},"end":{"line":51,"column":7}},"20":{"start":{"line":50,"column":8},"end":{"line":50,"column":26}},"21":{"start":{"line":53,"column":4},"end":{"line":53,"column":19}},"22":{"start":{"line":57,"column":4},"end":{"line":57,"column":28}},"23":{"start":{"line":61,"column":4},"end":{"line":61,"column":45}},"24":{"start":{"line":3,"column":0},"end":{"line":3,"column":13}}},"fnMap":{"0":{"name":"(anonymous_0)","decl":{"start":{"line":6,"column":9},"end":{"line":6,"column":14}},"loc":{"start":{"line":6,"column":46},"end":{"line":9,"column":3}}},"1":{"name":"(anonymous_1)","decl":{"start":{"line":11,"column":9},"end":{"line":11,"column":14}},"loc":{"start":{"line":11,"column":34},"end":{"line":13,"column":3}}},"2":{"name":"(anonymous_2)","decl":{"start":{"line":15,"column":9},"end":{"line":15,"column":14}},"loc":{"start":{"line":15,"column":44},"end":{"line":22,"column":3}}},"3":{"name":"(anonymous_3)","decl":{"start":{"line":24,"column":9},"end":{"line":24,"column":14}},"loc":{"start":{"line":26,"column":23},"end":{"line":34,"column":3}}},"4":{"name":"(anonymous_4)","decl":{"start":{"line":36,"column":9},"end":{"line":36,"column":14}},"loc":{"start":{"line":36,"column":50},"end":{"line":44,"column":3}}},"5":{"name":"(anonymous_5)","decl":{"start":{"line":46,"column":9},"end":{"line":46,"column":14}},"loc":{"start":{"line":46,"column":48},"end":{"line":54,"column":3}}},"6":{"name":"(anonymous_6)","decl":{"start":{"line":56,"column":9},"end":{"line":56,"column":14}},"loc":{"start":{"line":56,"column":32},"end":{"line":58,"column":3}}},"7":{"name":"(anonymous_7)","decl":{"start":{"line":60,"column":9},"end":{"line":60,"column":14}},"loc":{"start":{"line":60,"column":22},"end":{"line":62,"column":3}}}},"branchMap":{"0":{"loc":{"start":{"line":12,"column":11},"end":{"line":12,"column":39}},"type":"binary-expr","locations":[{"start":{"line":12,"column":11},"end":{"line":12,"column":31}},{"start":{"line":12,"column":35},"end":{"line":12,"column":39}}]},"1":{"loc":{"start":{"line":17,"column":6},"end":{"line":19,"column":7}},"type":"if","locations":[{"start":{"line":17,"column":6},"end":{"line":19,"column":7}}]},"2":{"loc":{"start":{"line":29,"column":6},"end":{"line":31,"column":7}},"type":"if","locations":[{"start":{"line":29,"column":6},"end":{"line":31,"column":7}}]},"3":{"loc":{"start":{"line":29,"column":10},"end":{"line":29,"column":68}},"type":"binary-expr","locations":[{"start":{"line":29,"column":10},"end":{"line":29,"column":33}},{"start":{"line":29,"column":37},"end":{"line":29,"column":68}}]},"4":{"loc":{"start":{"line":39,"column":6},"end":{"line":41,"column":7}},"type":"if","locations":[{"start":{"line":39,"column":6},"end":{"line":41,"column":7}}]},"5":{"loc":{"start":{"line":49,"column":6},"end":{"line":51,"column":7}},"type":"if","locations":[{"start":{"line":49,"column":6},"end":{"line":51,"column":7}}]}},"s":{"0":28,"1":24,"2":24,"3":3,"4":2,"5":1,"6":1,"7":1,"8":12,"9":4,"10":2,"11":10,"12":2,"13":2,"14":3,"15":2,"16":2,"17":2,"18":2,"19":3,"20":2,"21":2,"22":2,"23":2,"24":3},"f":{"0":24,"1":3,"2":2,"3":12,"4":2,"5":2,"6":2,"7":2},"b":{"0":[3,2],"1":[1],"2":[2],"3":[4,4],"4":[2],"5":[2]}}
,"/workspace/wlgns5376_msa-ecommerce-product_PVTI_lAHOAJ39a84A91F1zgezCJA/src/interfaces/api/controllers/InventoryController.ts": {"path":"/workspace/wlgns5376_msa-ecommerce-product_PVTI_lAHOAJ39a84A91F1zgezCJA/src/interfaces/api/controllers/InventoryController.ts","statementMap":{"0":{"start":{"line":1,"column":0},"end":{"line":1,"column":52}},"1":{"start":{"line":4,"column":0},"end":{"line":4,"column":104}},"2":{"start":{"line":11,"column":4},"end":{"line":11,"column":27}},"3":{"start":{"line":12,"column":4},"end":{"line":12,"column":51}},"4":{"start":{"line":13,"column":4},"end":{"line":13,"column":23}},"5":{"start":{"line":17,"column":4},"end":{"line":22,"column":6}},"6":{"start":{"line":26,"column":4},"end":{"line":47,"column":5}},"7":{"start":{"line":27,"column":47},"end":{"line":37,"column":8}},"8":{"start":{"line":39,"column":21},"end":{"line":39,"column":72}},"9":{"start":{"line":41,"column":6},"end":{"line":44,"column":9}},"10":{"start":{"line":46,"column":6},"end":{"line":46,"column":35}},"11":{"start":{"line":51,"column":4},"end":{"line":73,"column":5}},"12":{"start":{"line":52,"column":28},"end":{"line":52,"column":40}},"13":{"start":{"line":54,"column":6},"end":{"line":62,"column":7}},"14":{"start":{"line":55,"column":8},"end":{"line":60,"column":11}},"15":{"start":{"line":61,"column":8},"end":{"line":61,"column":15}},"16":{"start":{"line":64,"column":6},"end":{"line":72,"column":7}},"17":{"start":{"line":65,"column":8},"end":{"line":70,"column":11}},"18":{"start":{"line":71,"column":8},"end":{"line":71,"column":15}},"19":{"start":{"line":75,"column":4},"end":{"line":75,"column":46}},"20":{"start":{"line":76,"column":4},"end":{"line":81,"column":7}},"21":{"start":{"line":85,"column":4},"end":{"line":85,"column":23}},"22":{"start":{"line":6,"column":0},"end":{"line":6,"column":13}}},"fnMap":{"0":{"name":"(anonymous_0)","decl":{"start":{"line":10,"column":2},"end":{"line":10,"column":14}},"loc":{"start":{"line":10,"column":54},"end":{"line":14,"column":3}}},"1":{"name":"(anonymous_1)","decl":{"start":{"line":16,"column":10},"end":{"line":16,"column":21}},"loc":{"start":{"line":16,"column":21},"end":{"line":23,"column":3}}},"2":{"name":"(anonymous_2)","decl":{"start":{"line":25,"column":10},"end":{"line":25,"column":15}},"loc":{"start":{"line":25,"column":53},"end":{"line":48,"column":3}}},"3":{"name":"(anonymous_3)","decl":{"start":{"line":50,"column":10},"end":{"line":50,"column":21}},"loc":{"start":{"line":50,"column":51},"end":{"line":82,"column":3}}},"4":{"name":"(anonymous_4)","decl":{"start":{"line":84,"column":9},"end":{"line":84,"column":18}},"loc":{"start":{"line":84,"column":18},"end":{"line":86,"column":3}}}},"branchMap":{"0":{"loc":{"start":{"line":32,"column":26},"end":{"line":34,"column":13}},"type":"cond-expr","locations":[{"start":{"line":33,"column":12},"end":{"line":33,"column":45}},{"start":{"line":34,"column":12},"end":{"line":34,"column":13}}]},"1":{"loc":{"start":{"line":51,"column":4},"end":{"line":73,"column":5}},"type":"if","locations":[{"start":{"line":51,"column":4},"end":{"line":73,"column":5}}]},"2":{"loc":{"start":{"line":54,"column":6},"end":{"line":62,"column":7}},"type":"if","locations":[{"start":{"line":54,"column":6},"end":{"line":62,"column":7}}]},"3":{"loc":{"start":{"line":64,"column":6},"end":{"line":72,"column":7}},"type":"if","locations":[{"start":{"line":64,"column":6},"end":{"line":72,"column":7}}]}},"s":{"0":2,"1":2,"2":20,"3":20,"4":20,"5":20,"6":13,"7":13,"8":13,"9":10,"10":3,"11":3,"12":3,"13":3,"14":2,"15":2,"16":1,"17":0,"18":0,"19":1,"20":1,"21":20,"22":2},"f":{"0":20,"1":20,"2":13,"3":3,"4":20},"b":{"0":[11,2],"1":[3],"2":[2],"3":[0]}}
,"/workspace/wlgns5376_msa-ecommerce-product_PVTI_lAHOAJ39a84A91F1zgezCJA/src/interfaces/api/middleware/validationMiddleware.ts": {"path":"/workspace/wlgns5376_msa-ecommerce-product_PVTI_lAHOAJ39a84A91F1zgezCJA/src/interfaces/api/middleware/validationMiddleware.ts","statementMap":{"0":{"start":{"line":2,"column":0},"end":{"line":2,"column":76}},"1":{"start":{"line":4,"column":42},"end":{"line":58,"column":1}},"2":{"start":{"line":5,"column":2},"end":{"line":57,"column":4}},"3":{"start":{"line":4,"column":13},"end":{"line":4,"column":42}},"4":{"start":{"line":60,"column":38},"end":{"line":84,"column":1}},"5":{"start":{"line":65,"column":17},"end":{"line":65,"column":38}},"6":{"start":{"line":67,"column":2},"end":{"line":81,"column":3}},"7":{"start":{"line":68,"column":29},"end":{"line":71,"column":7}},"8":{"start":{"line":68,"column":60},"end":{"line":71,"column":6}},"9":{"start":{"line":73,"column":4},"end":{"line":79,"column":7}},"10":{"start":{"line":80,"column":4},"end":{"line":80,"column":11}},"11":{"start":{"line":83,"column":2},"end":{"line":83,"column":9}},"12":{"start":{"line":60,"column":13},"end":{"line":60,"column":38}}},"fnMap":{"0":{"name":"(anonymous_0)","decl":{"start":{"line":4,"column":42},"end":{"line":4,"column":64}},"loc":{"start":{"line":4,"column":66},"end":{"line":58,"column":1}}},"1":{"name":"(anonymous_1)","decl":{"start":{"line":60,"column":38},"end":{"line":60,"column":null}},"loc":{"start":{"line":64,"column":10},"end":{"line":84,"column":1}}},"2":{"name":"(anonymous_2)","decl":{"start":{"line":68,"column":48},"end":{"line":68,"column":49}},"loc":{"start":{"line":68,"column":60},"end":{"line":71,"column":6}}}},"branchMap":{"0":{"loc":{"start":{"line":67,"column":2},"end":{"line":81,"column":3}},"type":"if","locations":[{"start":{"line":67,"column":2},"end":{"line":81,"column":3}}]},"1":{"loc":{"start":{"line":69,"column":13},"end":{"line":69,"column":60}},"type":"cond-expr","locations":[{"start":{"line":69,"column":38},"end":{"line":69,"column":48}},{"start":{"line":69,"column":51},"end":{"line":69,"column":60}}]}},"s":{"0":2,"1":2,"2":20,"3":2,"4":2,"5":20,"6":20,"7":7,"8":31,"9":7,"10":7,"11":13,"12":2},"f":{"0":20,"1":20,"2":31},"b":{"0":[7],"1":[31,0]}}
}
