TN:
SF:src/app.ts
FN:6,createApp
FN:16,(anonymous_2)
FN:22,(anonymous_3)
FN:32,(anonymous_4)
FNF:4
FNH:3
FNDA:11,createApp
FNDA:1,(anonymous_2)
FNDA:1,(anonymous_3)
FNDA:0,(anonymous_4)
DA:1,1
DA:2,1
DA:3,1
DA:4,1
DA:6,1
DA:7,11
DA:9,11
DA:10,11
DA:12,11
DA:13,11
DA:14,11
DA:16,11
DA:17,1
DA:20,11
DA:22,11
DA:23,1
DA:32,11
DA:33,0
DA:34,0
DA:42,11
LF:20
LH:18
BRF:0
BRH:0
end_of_record
TN:
SF:src/application/services/InventorySKUService.ts
FN:6,(anonymous_0)
FN:8,(anonymous_1)
FNF:2
FNH:2
FNDA:21,(anonymous_0)
FNDA:26,(anonymous_1)
DA:2,3
DA:5,3
DA:6,21
DA:9,26
DA:14,26
DA:15,3
DA:16,3
DA:17,3
DA:20,23
DA:21,23
DA:31,11
DA:32,10
DA:34,13
DA:35,13
DA:36,13
DA:37,13
DA:39,0
LF:17
LH:16
BRDA:14,0,0,3
BRDA:26,1,0,23
BRDA:26,1,1,1
BRDA:34,2,0,13
BRF:4
BRH:4
end_of_record
TN:
SF:src/domain/inventory/InventorySKU.ts
FN:28,(anonymous_0)
FN:43,(anonymous_1)
FN:73,(anonymous_2)
FN:77,(anonymous_3)
FN:81,(anonymous_4)
FN:85,(anonymous_5)
FN:89,(anonymous_6)
FN:93,(anonymous_7)
FN:97,(anonymous_8)
FN:101,(anonymous_9)
FN:105,(anonymous_10)
FN:109,(anonymous_11)
FN:113,(anonymous_12)
FN:117,(anonymous_13)
FN:121,(anonymous_14)
FN:125,(anonymous_15)
FN:134,(anonymous_16)
FN:147,(anonymous_17)
FN:160,(anonymous_18)
FN:173,(anonymous_19)
FNF:20
FNH:18
FNDA:62,(anonymous_0)
FNDA:62,(anonymous_1)
FNDA:26,(anonymous_2)
FNDA:14,(anonymous_3)
FNDA:5,(anonymous_4)
FNDA:12,(anonymous_5)
FNDA:4,(anonymous_6)
FNDA:3,(anonymous_7)
FNDA:21,(anonymous_8)
FNDA:1,(anonymous_9)
FNDA:1,(anonymous_10)
FNDA:0,(anonymous_11)
FNDA:0,(anonymous_12)
FNDA:14,(anonymous_13)
FNDA:14,(anonymous_14)
FNDA:3,(anonymous_15)
FNDA:2,(anonymous_16)
FNDA:2,(anonymous_17)
FNDA:2,(anonymous_18)
FNDA:12,(anonymous_19)
DA:1,5
DA:16,5
DA:29,62
DA:31,43
DA:32,43
DA:33,43
DA:34,43
DA:35,43
DA:36,43
DA:37,43
DA:38,43
DA:39,43
DA:40,43
DA:44,62
DA:45,3
DA:48,59
DA:49,3
DA:52,56
DA:53,3
DA:56,53
DA:57,3
DA:60,50
DA:61,1
DA:64,49
DA:65,3
DA:68,46
DA:69,3
DA:74,26
DA:78,14
DA:82,5
DA:86,12
DA:90,4
DA:94,3
DA:98,21
DA:102,1
DA:106,1
DA:110,0
DA:114,0
DA:118,14
DA:122,14
DA:126,3
DA:127,1
DA:130,2
DA:131,2
DA:135,2
DA:136,0
DA:139,2
DA:140,1
DA:143,1
DA:144,1
DA:148,2
DA:149,0
DA:152,2
DA:153,1
DA:156,1
DA:157,1
DA:161,2
DA:162,0
DA:165,2
DA:166,1
DA:169,1
DA:170,1
DA:174,12
LF:63
LH:58
BRDA:31,0,0,43
BRDA:31,0,1,37
BRDA:39,1,0,43
BRDA:39,1,1,43
BRDA:40,2,0,43
BRDA:40,2,1,43
BRDA:44,3,0,3
BRDA:44,4,0,62
BRDA:44,4,1,59
BRDA:48,5,0,3
BRDA:48,6,0,59
BRDA:48,6,1,56
BRDA:52,7,0,3
BRDA:52,8,0,56
BRDA:52,8,1,53
BRDA:56,9,0,3
BRDA:60,10,0,1
BRDA:64,11,0,3
BRDA:68,12,0,3
BRDA:126,13,0,1
BRDA:135,14,0,0
BRDA:139,15,0,1
BRDA:148,16,0,0
BRDA:152,17,0,1
BRDA:161,18,0,0
BRDA:165,19,0,1
BRF:26
BRH:23
end_of_record
TN:
SF:src/infrastructure/repositories/InventorySKURepository.ts
FN:6,(anonymous_0)
FN:11,(anonymous_1)
FN:15,(anonymous_2)
FN:24,(anonymous_3)
FN:36,(anonymous_4)
FN:46,(anonymous_5)
FN:56,(anonymous_6)
FN:60,(anonymous_7)
FNF:8
FNH:8
FNDA:24,(anonymous_0)
FNDA:3,(anonymous_1)
FNDA:2,(anonymous_2)
FNDA:12,(anonymous_3)
FNDA:2,(anonymous_4)
FNDA:2,(anonymous_5)
FNDA:2,(anonymous_6)
FNDA:2,(anonymous_7)
DA:3,3
DA:4,28
DA:7,24
DA:8,24
DA:12,3
DA:16,2
DA:17,1
DA:18,1
DA:21,1
DA:28,12
DA:29,4
DA:30,2
DA:33,10
DA:37,2
DA:38,2
DA:39,3
DA:40,2
DA:43,2
DA:47,2
DA:48,2
DA:49,3
DA:50,2
DA:53,2
DA:57,2
DA:61,2
LF:25
LH:25
BRDA:12,0,0,3
BRDA:12,0,1,2
BRDA:17,1,0,1
BRDA:29,2,0,2
BRDA:29,3,0,4
BRDA:29,3,1,4
BRDA:39,4,0,2
BRDA:49,5,0,2
BRF:8
BRH:8
end_of_record
TN:
SF:src/interfaces/api/controllers/InventoryController.ts
FN:10,(anonymous_0)
FN:16,(anonymous_1)
FN:25,(anonymous_2)
FN:50,(anonymous_3)
FN:84,(anonymous_4)
FNF:5
FNH:5
FNDA:20,(anonymous_0)
FNDA:20,(anonymous_1)
FNDA:13,(anonymous_2)
FNDA:3,(anonymous_3)
FNDA:20,(anonymous_4)
DA:1,2
DA:4,2
DA:6,2
DA:11,20
DA:12,20
DA:13,20
DA:17,20
DA:26,13
DA:27,13
DA:39,13
DA:41,10
DA:46,3
DA:51,3
DA:52,3
DA:54,3
DA:55,2
DA:61,2
DA:64,1
DA:65,0
DA:71,0
DA:75,1
DA:76,1
DA:85,20
LF:23
LH:21
BRDA:32,0,0,11
BRDA:32,0,1,2
BRDA:51,1,0,3
BRDA:54,2,0,2
BRDA:64,3,0,0
BRF:5
BRH:4
end_of_record
TN:
SF:src/interfaces/api/middleware/validationMiddleware.ts
FN:4,(anonymous_0)
FN:60,(anonymous_1)
FN:68,(anonymous_2)
FNF:3
FNH:3
FNDA:20,(anonymous_0)
FNDA:20,(anonymous_1)
FNDA:31,(anonymous_2)
DA:2,2
DA:4,2
DA:5,20
DA:60,2
DA:65,20
DA:67,20
DA:68,31
DA:73,7
DA:80,7
DA:83,13
LF:10
LH:10
BRDA:67,0,0,7
BRDA:69,1,0,31
BRDA:69,1,1,0
BRF:3
BRH:2
end_of_record
