TN:
SF:src/app.ts
FN:6,createApp
FN:17,(anonymous_2)
FNF:2
FNH:2
FNDA:3,createApp
FNDA:1,(anonymous_2)
DA:1,1
DA:2,1
DA:3,1
DA:4,1
DA:6,1
DA:7,3
DA:9,3
DA:11,3
DA:12,3
DA:13,3
DA:15,3
DA:17,3
DA:18,1
DA:19,1
DA:20,1
DA:23,0
DA:24,0
DA:27,3
LF:18
LH:16
BRDA:18,0,0,1
BRDA:18,0,1,0
BRDA:18,1,0,1
BRDA:18,1,1,1
BRF:4
BRH:3
end_of_record
TN:
SF:src/controller/ProductController.ts
FN:5,createProductRouter
FN:8,(anonymous_1)
FNF:2
FNH:2
FNDA:14,createProductRouter
FNDA:11,(anonymous_1)
DA:1,2
DA:2,2
DA:3,2
DA:5,2
DA:6,14
DA:8,14
DA:9,11
DA:10,11
DA:11,11
DA:12,11
DA:14,3
DA:16,8
DA:17,2
DA:18,6
DA:19,5
DA:21,1
DA:22,1
DA:27,14
LF:18
LH:18
BRDA:16,0,0,2
BRDA:16,0,1,6
BRDA:18,1,0,5
BRDA:18,1,1,1
BRF:4
BRH:4
end_of_record
TN:
SF:src/domain/Product.ts
FN:21,(anonymous_0)
FN:27,validateUpdateProductDto
FNF:2
FNH:2
FNDA:28,(anonymous_0)
FNDA:28,validateUpdateProductDto
DA:20,4
DA:22,28
DA:23,28
DA:27,4
DA:28,28
DA:29,4
DA:32,24
DA:33,8
DA:34,3
DA:36,5
DA:37,2
DA:41,19
DA:42,6
DA:43,2
DA:45,4
DA:46,2
DA:50,15
DA:51,3
LF:18
LH:18
BRDA:28,0,0,4
BRDA:28,0,1,24
BRDA:28,1,0,28
BRDA:28,1,1,12
BRDA:32,2,0,8
BRDA:32,2,1,16
BRDA:33,3,0,3
BRDA:33,3,1,5
BRDA:36,4,0,2
BRDA:36,4,1,3
BRDA:41,5,0,6
BRDA:41,5,1,13
BRDA:42,6,0,2
BRDA:42,6,1,4
BRDA:45,7,0,2
BRDA:45,7,1,2
BRDA:50,8,0,3
BRDA:50,8,1,12
BRDA:50,9,0,15
BRDA:50,9,1,4
BRF:20
BRH:20
end_of_record
TN:
SF:src/repository/ProductRepository.ts
FN:11,(anonymous_0)
FN:12,(anonymous_1)
FN:17,(anonymous_2)
FN:21,(anonymous_3)
FN:41,(anonymous_4)
FN:45,(anonymous_5)
FNF:6
FNH:6
FNDA:29,(anonymous_0)
FNDA:2,(anonymous_1)
FNDA:14,(anonymous_2)
FNDA:8,(anonymous_3)
FNDA:12,(anonymous_4)
FNDA:20,(anonymous_5)
DA:8,4
DA:9,29
DA:12,29
DA:13,2
DA:18,14
DA:22,8
DA:23,8
DA:24,1
DA:27,7
DA:37,7
DA:38,7
DA:42,12
DA:46,20
LF:13
LH:13
BRDA:11,0,0,28
BRDA:18,1,0,14
BRDA:18,1,1,5
BRDA:23,2,0,1
BRDA:23,2,1,7
BRDA:29,3,0,7
BRDA:29,3,1,4
BRDA:30,4,0,7
BRDA:30,4,1,2
BRDA:31,5,0,7
BRDA:31,5,1,5
BRDA:32,6,0,7
BRDA:32,6,1,2
BRDA:33,7,0,7
BRDA:33,7,1,1
BRF:15
BRH:15
end_of_record
TN:
SF:src/service/ProductService.ts
FN:5,(anonymous_0)
FN:12,(anonymous_1)
FN:14,(anonymous_2)
FNF:3
FNH:3
FNDA:7,(anonymous_0)
FNDA:20,(anonymous_1)
FNDA:16,(anonymous_2)
DA:1,3
DA:4,3
DA:6,7
DA:7,7
DA:11,3
DA:12,20
DA:15,16
DA:17,9
DA:18,8
DA:19,3
DA:22,5
DA:23,5
DA:24,1
DA:27,4
LF:14
LH:14
BRDA:18,0,0,3
BRDA:18,0,1,5
BRDA:23,1,0,1
BRDA:23,1,1,4
BRF:4
BRH:4
end_of_record
